Using pre-set license
Built from '2020.3/staging' branch; Version is '2020.3.5f1 (8095aa901b9b) revision 8426922'; Using compiler version '192528614'; Build Type 'Release'
OS: 'Windows 10 Home; OS build 19045.3930; Version 2009; 64bit' Language: 'es' Physical Memory: 16291 MB
BatchMode: 1, IsHumanControllingUs: 0, StartBugReporterOnCrash: 0, Is64bit: 1, IsPro: 0

 COMMAND LINE ARGUMENTS:
C:\Program Files\Unity\Hub\Editor\2020.3.5f1\Editor\Unity.exe
-adb2
-batchMode
-noUpm
-name
AssetImportWorker0
-projectPath
C:/Users/didac/Documents/GitHub/GameJam_2/GameJamSue単osYPesadillas
-logFile
Logs/AssetImportWorker0.log
-srvPort
49636
Successfully changed project path to: C:/Users/didac/Documents/GitHub/GameJam_2/GameJamSue単osYPesadillas
C:/Users/didac/Documents/GitHub/GameJam_2/GameJamSue単osYPesadillas
Using Asset Import Pipeline V2.
Refreshing native plugins compatible for Editor in 32.05 ms, found 1 plugins.
Preloading 0 native plugins for Editor in 0.00 ms.
Initialize engine version: 2020.3.5f1 (8095aa901b9b)
[Subsystems] Discovering subsystems at path C:/Program Files/Unity/Hub/Editor/2020.3.5f1/Editor/Data/Resources/UnitySubsystems
[Subsystems] Discovering subsystems at path C:/Users/didac/Documents/GitHub/GameJam_2/GameJamSue単osYPesadillas/Assets
GfxDevice: creating device client; threaded=0
Direct3D:
    Version:  Direct3D 11.0 [level 11.1]
    Renderer: NVIDIA GeForce GTX 1650 (ID=0x1f99)
    Vendor:   
    VRAM:     3949 MB
    Driver:   31.0.15.3734
Initialize mono
Mono path[0] = 'C:/Program Files/Unity/Hub/Editor/2020.3.5f1/Editor/Data/Managed'
Mono path[1] = 'C:/Program Files/Unity/Hub/Editor/2020.3.5f1/Editor/Data/MonoBleedingEdge/lib/mono/unityjit'
Mono config path = 'C:/Program Files/Unity/Hub/Editor/2020.3.5f1/Editor/Data/MonoBleedingEdge/etc'
Using monoOptions --debugger-agent=transport=dt_socket,embedding=1,server=y,suspend=n,address=127.0.0.1:56924
Begin MonoManager ReloadAssembly
Registering precompiled unity dll's ...
Register platform support module: C:/Program Files/Unity/Hub/Editor/2020.3.5f1/Editor/Data/PlaybackEngines/WindowsStandaloneSupport/UnityEditor.WindowsStandalone.Extensions.dll
Registered in 0.001775 seconds.
Native extension for WindowsStandalone target not found
Refreshing native plugins compatible for Editor in 29.77 ms, found 1 plugins.
Preloading 0 native plugins for Editor in 0.00 ms.
Mono: successfully reloaded assembly
- Completed reload, in  0.852 seconds
Platform modules already initialized, skipping
Registering precompiled user dll's ...
Registered in 0.000896 seconds.
Begin MonoManager ReloadAssembly
Native extension for WindowsStandalone target not found
Refreshing native plugins compatible for Editor in 33.62 ms, found 1 plugins.
Preloading 0 native plugins for Editor in 0.00 ms.
Mono: successfully reloaded assembly
- Completed reload, in  0.773 seconds
Platform modules already initialized, skipping
========================================================================
Worker process is ready to serve import requests
Launched and connected shader compiler UnityShaderCompiler.exe after 0.03 seconds
Refreshing native plugins compatible for Editor in 0.34 ms, found 1 plugins.
Preloading 0 native plugins for Editor in 0.00 ms.
Unloading 1834 Unused Serialized files (Serialized files now loaded: 0)
System memory in use before: 87.2 MB.
System memory in use after: 87.3 MB.

Unloading 19 unused Assets to reduce memory usage. Loaded Objects now: 2282.
Total: 1.826400 ms (FindLiveObjects: 0.177400 ms CreateObjectMapping: 0.126000 ms MarkObjects: 1.472100 ms  DeleteObjects: 0.049900 ms)

========================================================================
Received Import Request.
  path: Assets/Scripts/GameManager.cs
  artifactKey: Guid(0281990bf604443498181ebadeb22fd2) Importer(815301076,1909f56bfc062723c751e8b465ee728b)
Start importing Assets/Scripts/GameManager.cs using Guid(0281990bf604443498181ebadeb22fd2) Importer(815301076,1909f56bfc062723c751e8b465ee728b)  -> (artifact id: '48df89e330bde5f9d3a59cb752e06b6c') in 0.029545 seconds
  Import took 0.032935 seconds .

========================================================================
Received Import Request.
  Time since last request: 29.273890 seconds.
  path: Assets/Prefabs/ButtonDecisionPrefab.prefab
  artifactKey: Guid(f2771b0abaa62814989f5ee876937f16) Importer(815301076,1909f56bfc062723c751e8b465ee728b)
Start importing Assets/Prefabs/ButtonDecisionPrefab.prefab using Guid(f2771b0abaa62814989f5ee876937f16) Importer(815301076,1909f56bfc062723c751e8b465ee728b)  -> (artifact id: '4a666828cafee844180750291c599fa6') in 0.079612 seconds
  Import took 0.082251 seconds .

========================================================================
Received Prepare
Registering precompiled user dll's ...
Registered in 0.000836 seconds.
Begin MonoManager ReloadAssembly
Native extension for WindowsStandalone target not found
Refreshing native plugins compatible for Editor in 0.41 ms, found 1 plugins.
Preloading 0 native plugins for Editor in 0.00 ms.
Mono: successfully reloaded assembly
- Completed reload, in  0.742 seconds
Platform modules already initialized, skipping
Refreshing native plugins compatible for Editor in 0.30 ms, found 1 plugins.
Preloading 0 native plugins for Editor in 0.00 ms.
Unloading 1811 Unused Serialized files (Serialized files now loaded: 0)
System memory in use before: 85.5 MB.
System memory in use after: 85.6 MB.

Unloading 9 unused Assets to reduce memory usage. Loaded Objects now: 2286.
Total: 1.718500 ms (FindLiveObjects: 0.145100 ms CreateObjectMapping: 0.052300 ms MarkObjects: 1.498600 ms  DeleteObjects: 0.021100 ms)

========================================================================
Received Prepare
Registering precompiled user dll's ...
Registered in 0.001261 seconds.
Begin MonoManager ReloadAssembly
Native extension for WindowsStandalone target not found
Refreshing native plugins compatible for Editor in 0.38 ms, found 1 plugins.
Preloading 0 native plugins for Editor in 0.00 ms.
Mono: successfully reloaded assembly
- Completed reload, in  0.768 seconds
Platform modules already initialized, skipping
Refreshing native plugins compatible for Editor in 0.31 ms, found 1 plugins.
Preloading 0 native plugins for Editor in 0.00 ms.
Unloading 1811 Unused Serialized files (Serialized files now loaded: 0)
System memory in use before: 85.5 MB.
System memory in use after: 85.6 MB.

Unloading 7 unused Assets to reduce memory usage. Loaded Objects now: 2290.
Total: 1.789300 ms (FindLiveObjects: 0.230500 ms CreateObjectMapping: 0.086400 ms MarkObjects: 1.456100 ms  DeleteObjects: 0.014700 ms)

========================================================================
Received Prepare
Registering precompiled user dll's ...
Registered in 0.000936 seconds.
Begin MonoManager ReloadAssembly
Native extension for WindowsStandalone target not found
Refreshing native plugins compatible for Editor in 0.30 ms, found 1 plugins.
Preloading 0 native plugins for Editor in 0.00 ms.
Mono: successfully reloaded assembly
- Completed reload, in  0.724 seconds
Platform modules already initialized, skipping
Refreshing native plugins compatible for Editor in 0.31 ms, found 1 plugins.
Preloading 0 native plugins for Editor in 0.00 ms.
Unloading 1811 Unused Serialized files (Serialized files now loaded: 0)
System memory in use before: 85.5 MB.
System memory in use after: 85.6 MB.

Unloading 7 unused Assets to reduce memory usage. Loaded Objects now: 2294.
Total: 2.059200 ms (FindLiveObjects: 0.283100 ms CreateObjectMapping: 0.109000 ms MarkObjects: 1.652900 ms  DeleteObjects: 0.013400 ms)

========================================================================
Received Prepare
Registering precompiled user dll's ...
Registered in 0.001069 seconds.
Begin MonoManager ReloadAssembly
Native extension for WindowsStandalone target not found
Refreshing native plugins compatible for Editor in 0.30 ms, found 1 plugins.
Preloading 0 native plugins for Editor in 0.00 ms.
Mono: successfully reloaded assembly
- Completed reload, in  0.743 seconds
Platform modules already initialized, skipping
Refreshing native plugins compatible for Editor in 0.32 ms, found 1 plugins.
Preloading 0 native plugins for Editor in 0.00 ms.
Unloading 1811 Unused Serialized files (Serialized files now loaded: 0)
System memory in use before: 85.5 MB.
System memory in use after: 85.6 MB.

Unloading 7 unused Assets to reduce memory usage. Loaded Objects now: 2298.
Total: 1.798800 ms (FindLiveObjects: 0.232900 ms CreateObjectMapping: 0.122800 ms MarkObjects: 1.429300 ms  DeleteObjects: 0.012500 ms)

========================================================================
Received Prepare
Registering precompiled user dll's ...
Registered in 0.001167 seconds.
Begin MonoManager ReloadAssembly
Native extension for WindowsStandalone target not found
Refreshing native plugins compatible for Editor in 0.30 ms, found 1 plugins.
Preloading 0 native plugins for Editor in 0.00 ms.
Mono: successfully reloaded assembly
- Completed reload, in  0.742 seconds
Platform modules already initialized, skipping
Refreshing native plugins compatible for Editor in 0.30 ms, found 1 plugins.
Preloading 0 native plugins for Editor in 0.00 ms.
Unloading 1811 Unused Serialized files (Serialized files now loaded: 0)
System memory in use before: 85.5 MB.
System memory in use after: 85.6 MB.

Unloading 7 unused Assets to reduce memory usage. Loaded Objects now: 2302.
Total: 1.617100 ms (FindLiveObjects: 0.160400 ms CreateObjectMapping: 0.053900 ms MarkObjects: 1.390800 ms  DeleteObjects: 0.011300 ms)

========================================================================
Received Prepare
Registering precompiled user dll's ...
Registered in 0.000851 seconds.
Begin MonoManager ReloadAssembly
Native extension for WindowsStandalone target not found
Refreshing native plugins compatible for Editor in 0.30 ms, found 1 plugins.
Preloading 0 native plugins for Editor in 0.00 ms.
Mono: successfully reloaded assembly
- Completed reload, in  0.688 seconds
Platform modules already initialized, skipping
Refreshing native plugins compatible for Editor in 0.30 ms, found 1 plugins.
Preloading 0 native plugins for Editor in 0.00 ms.
Unloading 1811 Unused Serialized files (Serialized files now loaded: 0)
System memory in use before: 85.5 MB.
System memory in use after: 85.7 MB.

Unloading 7 unused Assets to reduce memory usage. Loaded Objects now: 2306.
Total: 1.639900 ms (FindLiveObjects: 0.291500 ms CreateObjectMapping: 0.075400 ms MarkObjects: 1.261500 ms  DeleteObjects: 0.010300 ms)

========================================================================
Received Import Request.
  Time since last request: 1027.304526 seconds.
  path: Assets/Scripts/Narrative
  artifactKey: Guid(24c6696d54bae754a84f475c55a4ff8a) Importer(815301076,1909f56bfc062723c751e8b465ee728b)
Start importing Assets/Scripts/Narrative using Guid(24c6696d54bae754a84f475c55a4ff8a) Importer(815301076,1909f56bfc062723c751e8b465ee728b)  -> (artifact id: '7ad01348d11077c8199270b761b6b91d') in 0.013709 seconds
  Import took 0.016896 seconds .

========================================================================
Received Import Request.
  Time since last request: 2.498117 seconds.
  path: Assets/Scripts/RPG
  artifactKey: Guid(78327846106b95f47a856c4af4c3d4ee) Importer(815301076,1909f56bfc062723c751e8b465ee728b)
Start importing Assets/Scripts/RPG using Guid(78327846106b95f47a856c4af4c3d4ee) Importer(815301076,1909f56bfc062723c751e8b465ee728b)  -> (artifact id: 'a018cd3a919ee304b11fc4a5ad9aa616') in 0.012673 seconds
  Import took 0.015253 seconds .

========================================================================
Received Import Request.
  Time since last request: 1.748057 seconds.
  path: Assets/Scripts/RPG/EnemyConfig.cs
  artifactKey: Guid(b8d7e58f26680fc4a88aeaec6a2cec4d) Importer(815301076,1909f56bfc062723c751e8b465ee728b)
Start importing Assets/Scripts/RPG/EnemyConfig.cs using Guid(b8d7e58f26680fc4a88aeaec6a2cec4d) Importer(815301076,1909f56bfc062723c751e8b465ee728b)  -> (artifact id: 'd8bb11526a152dc74a273dd50cf2dcce') in 0.012902 seconds
  Import took 0.015386 seconds .

========================================================================
Received Import Request.
  Time since last request: 0.001362 seconds.
  path: Assets/Scripts/RPG/EnemyConfig.cs
  artifactKey: Guid(b8d7e58f26680fc4a88aeaec6a2cec4d) Importer(815301076,1909f56bfc062723c751e8b465ee728b)
Start importing Assets/Scripts/RPG/EnemyConfig.cs using Guid(b8d7e58f26680fc4a88aeaec6a2cec4d) Importer(815301076,1909f56bfc062723c751e8b465ee728b)  -> (artifact id: 'd8bb11526a152dc74a273dd50cf2dcce') in 0.002499 seconds
  Import took 0.004902 seconds .

========================================================================
Received Import Request.
  Time since last request: 3.159213 seconds.
  path: Assets/Scripts/RPG/EnemyController.cs
  artifactKey: Guid(5606630233a0a984993a9e3c0d67b55a) Importer(815301076,1909f56bfc062723c751e8b465ee728b)
Start importing Assets/Scripts/RPG/EnemyController.cs using Guid(5606630233a0a984993a9e3c0d67b55a) Importer(815301076,1909f56bfc062723c751e8b465ee728b)  -> (artifact id: '853062cc090af10a313c927ef1f3b76f') in 0.009324 seconds
  Import took 0.012036 seconds .

========================================================================
Received Import Request.
  Time since last request: 36.432881 seconds.
  path: Assets/Scripts/NarrativeManager.cs
  artifactKey: Guid(28273584eddcbac4882540f83fb94d7a) Importer(815301076,1909f56bfc062723c751e8b465ee728b)
Start importing Assets/Scripts/NarrativeManager.cs using Guid(28273584eddcbac4882540f83fb94d7a) Importer(815301076,1909f56bfc062723c751e8b465ee728b)  -> (artifact id: '0334177f30597c58db8c8074e4d49dc9') in 0.007416 seconds
  Import took 0.010694 seconds .

========================================================================
Received Import Request.
  Time since last request: 0.000710 seconds.
  path: Assets/Scripts/NarrativeManager.cs
  artifactKey: Guid(28273584eddcbac4882540f83fb94d7a) Importer(815301076,1909f56bfc062723c751e8b465ee728b)
Start importing Assets/Scripts/NarrativeManager.cs using Guid(28273584eddcbac4882540f83fb94d7a) Importer(815301076,1909f56bfc062723c751e8b465ee728b)  -> (artifact id: '0334177f30597c58db8c8074e4d49dc9') in 0.002119 seconds
  Import took 0.005009 seconds .

========================================================================
Received Prepare
Registering precompiled user dll's ...
Registered in 0.000870 seconds.
Begin MonoManager ReloadAssembly
Native extension for WindowsStandalone target not found
Refreshing native plugins compatible for Editor in 0.30 ms, found 1 plugins.
Preloading 0 native plugins for Editor in 0.00 ms.
Mono: successfully reloaded assembly
- Completed reload, in  0.711 seconds
Platform modules already initialized, skipping
Refreshing native plugins compatible for Editor in 0.33 ms, found 1 plugins.
Preloading 0 native plugins for Editor in 0.00 ms.
Unloading 1811 Unused Serialized files (Serialized files now loaded: 0)
System memory in use before: 85.6 MB.
System memory in use after: 85.7 MB.

Unloading 7 unused Assets to reduce memory usage. Loaded Objects now: 2310.
Total: 1.553800 ms (FindLiveObjects: 0.161600 ms CreateObjectMapping: 0.057600 ms MarkObjects: 1.322200 ms  DeleteObjects: 0.011200 ms)

AssetImportWorkerClient::OnTransportError - code=2 error=End of file
